<?xml version="1.0" encoding="UTF-8"?>
<!-- Generated by org.testng.reporters.JUnitXMLReporter -->
<testsuite hostname="DESKTOP-D1233BU" ignored="0" name="Test" tests="4" failures="0" timestamp="2021-09-08T06:36:24 IST" time="0.055" errors="0">
  <testcase name="testDemo" time="0.008" classname="com.actitime.test.Demotest"/>
  <testcase name="createCustomer" time="0.001" classname="com.actitime.test.CreateCustomer"/>
  <testcase name="modifyCustomer" time="0.002" classname="com.actitime.test.CreateCustomer"/>
  <testcase name="deleteCustomer" time="0.001" classname="com.actitime.test.CreateCustomer"/>
</testsuite> <!-- Test -->
