<?xml version="1.0" encoding="UTF-8"?>
<testng-results skipped="0" failed="0" ignored="0" total="1" passed="1">
  <reporter-output>
  </reporter-output>
  <suite name="Default suite" duration-ms="72772" started-at="2021-10-13T19:16:58 IST" finished-at="2021-10-13T19:18:11 IST">
    <groups>
    </groups>
    <test name="Default test" duration-ms="72772" started-at="2021-10-13T19:16:58 IST" finished-at="2021-10-13T19:18:11 IST">
      <class name="textScript.SampleTest">
        <test-method status="PASS" signature="connectDB()[pri:0, instance:textScript.SampleTest@be35cd9]" name="connectDB" is-config="true" duration-ms="17" started-at="2021-10-13T19:16:58 IST" finished-at="2021-10-13T19:16:58 IST">
          <reporter-output>
          </reporter-output>
        </test-method> <!-- connectDB -->
        <test-method status="PASS" signature="launchBrowser(java.lang.String)[pri:0, instance:textScript.SampleTest@be35cd9]" name="launchBrowser" is-config="true" duration-ms="10514" started-at="2021-10-13T19:16:58 IST" finished-at="2021-10-13T19:17:09 IST">
          <params>
            <param index="0">
              <value>
                <![CDATA[chrome]]>
              </value>
            </param>
          </params>
          <reporter-output>
          </reporter-output>
        </test-method> <!-- launchBrowser -->
        <test-method status="PASS" signature="scrnsht(java.lang.reflect.Method)[pri:0, instance:textScript.SampleTest@be35cd9]" name="scrnsht" duration-ms="61873" started-at="2021-10-13T19:17:09 IST" finished-at="2021-10-13T19:18:11 IST">
          <params>
            <param index="0">
              <value>
                <![CDATA[public void textScript.SampleTest.scrnsht(java.lang.reflect.Method)]]>
              </value>
            </param>
          </params>
          <reporter-output>
          </reporter-output>
        </test-method> <!-- scrnsht -->
        <test-method status="PASS" signature="closeBrowser()[pri:0, instance:textScript.SampleTest@be35cd9]" name="closeBrowser" is-config="true" duration-ms="280" started-at="2021-10-13T19:18:11 IST" finished-at="2021-10-13T19:18:11 IST">
          <reporter-output>
          </reporter-output>
        </test-method> <!-- closeBrowser -->
        <test-method status="PASS" signature="closeDB()[pri:0, instance:textScript.SampleTest@be35cd9]" name="closeDB" is-config="true" duration-ms="0" started-at="2021-10-13T19:18:11 IST" finished-at="2021-10-13T19:18:11 IST">
          <reporter-output>
          </reporter-output>
        </test-method> <!-- closeDB -->
      </class> <!-- textScript.SampleTest -->
    </test> <!-- Default test -->
  </suite> <!-- Default suite -->
</testng-results>
